<?xml version="1.0" encoding="UTF-8"?>
<testsuite xmlns:xsi="http://www.w3.org/2001/XMLSchema-instance" xsi:noNamespaceSchemaLocation="https://maven.apache.org/surefire/maven-surefire-plugin/xsd/surefire-test-report-3.0.xsd" version="3.0" name="com.jsite.JsiteApplicationTests" time="4.899" tests="1" errors="0" skipped="0" failures="0">
  <properties>
[...]
</properties>
  <testcase name="contextLoads" classname="com.jsite.JsiteApplicationTests" time="0.504">
    <system-out><![CDATA[15:14:36.516 [main] INFO org.springframework.test.context.support.AnnotationConfigContextLoaderUtils -- Could not detect default configuration classes for test class [com.jsite.JsiteApplicationTests]: JsiteApplicationTests does not declare any static, non-private, non-final, nested classes annotated with @Configuration.
15:14:36.592 [main] INFO org.springframework.boot.test.context.SpringBootTestContextBootstrapper -- Found @SpringBootConfiguration com.jsite.JsiteApplication for test class com.jsite.JsiteApplicationTests

  .   ____          _            __ _ _
 /\\ / ___'_ __ _ _(_)_ __  __ _ \ \ \ \
( ( )\___ | '_ | '_| | '_ \/ _` | \ \ \ \
 \\/  ___)| |_)| | | | | || (_| |  ) ) ) )
  '  |____| .__|_| |_|_| |_\__, | / / / /
 =========|_|==============|___/=/_/_/_/
 :: Spring Boot ::                (v3.2.2)

2026-01-17T15:14:36.904+08:00  INFO 24276 --- [jsite-admin] [           main] com.jsite.JsiteApplicationTests          : Starting JsiteApplicationTests using Java 21.0.7 with PID 24276 (started by Administrator in e:\work\jsite\jsite-admin)
2026-01-17T15:14:36.905+08:00 DEBUG 24276 --- [jsite-admin] [           main] com.jsite.JsiteApplicationTests          : Running with Spring Boot v3.2.2, Spring v6.1.3
2026-01-17T15:14:36.906+08:00  INFO 24276 --- [jsite-admin] [           main] com.jsite.JsiteApplicationTests          : The following 1 profile is active: "dev"
2026-01-17T15:14:38.111+08:00  INFO 24276 --- [jsite-admin] [           main] c.a.d.s.b.a.DruidDataSourceAutoConfigure : Init DruidDataSource
2026-01-17T15:14:38.391+08:00  INFO 24276 --- [jsite-admin] [           main] com.alibaba.druid.pool.DruidDataSource   : {dataSource-1} inited
2026-01-17T15:14:38.767+08:00  WARN 24276 --- [jsite-admin] [           main] c.b.m.core.metadata.TableInfoHelper      : Can not find table primary key in Class: "com.jsite.system.domain.SysRoleDept".
2026-01-17T15:14:38.767+08:00  WARN 24276 --- [jsite-admin] [           main] c.b.m.core.injector.DefaultSqlInjector   : class com.jsite.system.domain.SysRoleDept ,Not found @TableId annotation, Cannot use Mybatis-Plus 'xxById' Method.
2026-01-17T15:14:38.788+08:00  WARN 24276 --- [jsite-admin] [           main] c.b.m.core.metadata.TableInfoHelper      : Can not find table primary key in Class: "com.jsite.system.domain.SysRoleMenu".
2026-01-17T15:14:38.788+08:00  WARN 24276 --- [jsite-admin] [           main] c.b.m.core.injector.DefaultSqlInjector   : class com.jsite.system.domain.SysRoleMenu ,Not found @TableId annotation, Cannot use Mybatis-Plus 'xxById' Method.
2026-01-17T15:14:38.816+08:00  WARN 24276 --- [jsite-admin] [           main] c.b.m.core.metadata.TableInfoHelper      : Can not find table primary key in Class: "com.jsite.system.domain.SysUserPost".
2026-01-17T15:14:38.816+08:00  WARN 24276 --- [jsite-admin] [           main] c.b.m.core.injector.DefaultSqlInjector   : class com.jsite.system.domain.SysUserPost ,Not found @TableId annotation, Cannot use Mybatis-Plus 'xxById' Method.
2026-01-17T15:14:38.825+08:00  WARN 24276 --- [jsite-admin] [           main] c.b.m.core.metadata.TableInfoHelper      : Can not find table primary key in Class: "com.jsite.system.domain.SysUserRole".
2026-01-17T15:14:38.825+08:00  WARN 24276 --- [jsite-admin] [           main] c.b.m.core.injector.DefaultSqlInjector   : class com.jsite.system.domain.SysUserRole ,Not found @TableId annotation, Cannot use Mybatis-Plus 'xxById' Method.
 _ _   |_  _ _|_. ___ _ |    _ 
| | |\/|_)(_| | |_\  |_)||_|_\ 
     /               |         
                        3.5.5 
2026-01-17T15:14:39.269+08:00 DEBUG 24276 --- [jsite-admin] [           main] c.j.s.m.S.selectConfigList_mpCount       : ==>  Preparing: SELECT COUNT(*) AS total FROM sys_config
2026-01-17T15:14:39.409+08:00 DEBUG 24276 --- [jsite-admin] [           main] c.j.s.m.S.selectConfigList_mpCount       : ==> Parameters: 
2026-01-17T15:14:39.425+08:00 DEBUG 24276 --- [jsite-admin] [           main] c.j.s.m.S.selectConfigList_mpCount       : <==      Total: 1
2026-01-17T15:14:39.430+08:00 DEBUG 24276 --- [jsite-admin] [           main] c.j.s.m.S.selectConfigList               : ==>  Preparing: select id, config_name, config_key, config_value, config_type, create_by, create_time, remark from sys_config order by create_time desc LIMIT ?
2026-01-17T15:14:39.436+08:00 DEBUG 24276 --- [jsite-admin] [           main] c.j.s.m.S.selectConfigList               : ==> Parameters: 500(Long)
2026-01-17T15:14:39.439+08:00 DEBUG 24276 --- [jsite-admin] [           main] c.j.s.m.S.selectConfigList               : <==      Total: 5
2026-01-17T15:14:39.773+08:00 DEBUG 24276 --- [jsite-admin] [           main] c.j.s.m.S.selectDictTypeAll              : ==>  Preparing: select id, dict_name, dict_type, status, create_by, create_time, remark from sys_dict_type
2026-01-17T15:14:39.773+08:00 DEBUG 24276 --- [jsite-admin] [           main] c.j.s.m.S.selectDictTypeAll              : ==> Parameters: 
2026-01-17T15:14:39.773+08:00 DEBUG 24276 --- [jsite-admin] [           main] c.j.s.m.S.selectDictTypeAll              : <==      Total: 9
2026-01-17T15:14:39.778+08:00 DEBUG 24276 --- [jsite-admin] [           main] c.j.s.m.S.selectDictDataByType           : ==>  Preparing: select id, dict_sort, dict_label, dict_value, dict_type, css_class, list_class, is_default, status, create_by, create_time, remark from sys_dict_data where status = '0' and dict_type = ? order by dict_sort asc
2026-01-17T15:14:39.804+08:00 DEBUG 24276 --- [jsite-admin] [           main] c.j.s.m.S.selectDictDataByType           : ==> Parameters: sys_user_sex(String)
2026-01-17T15:14:39.810+08:00 DEBUG 24276 --- [jsite-admin] [           main] c.j.s.m.S.selectDictDataByType           : <==      Total: 3
2026-01-17T15:14:39.835+08:00 DEBUG 24276 --- [jsite-admin] [           main] c.j.s.m.S.selectDictDataByType           : ==>  Preparing: select id, dict_sort, dict_label, dict_value, dict_type, css_class, list_class, is_default, status, create_by, create_time, remark from sys_dict_data where status = '0' and dict_type = ? order by dict_sort asc
2026-01-17T15:14:39.835+08:00 DEBUG 24276 --- [jsite-admin] [           main] c.j.s.m.S.selectDictDataByType           : ==> Parameters: sys_show_hide(String)
2026-01-17T15:14:39.835+08:00 DEBUG 24276 --- [jsite-admin] [           main] c.j.s.m.S.selectDictDataByType           : <==      Total: 2
2026-01-17T15:14:39.841+08:00 DEBUG 24276 --- [jsite-admin] [           main] c.j.s.m.S.selectDictDataByType           : ==>  Preparing: select id, dict_sort, dict_label, dict_value, dict_type, css_class, list_class, is_default, status, create_by, create_time, remark from sys_dict_data where status = '0' and dict_type = ? order by dict_sort asc
2026-01-17T15:14:39.841+08:00 DEBUG 24276 --- [jsite-admin] [           main] c.j.s.m.S.selectDictDataByType           : ==> Parameters: sys_normal_disable(String)
2026-01-17T15:14:39.841+08:00 DEBUG 24276 --- [jsite-admin] [           main] c.j.s.m.S.selectDictDataByType           : <==      Total: 2
2026-01-17T15:14:39.841+08:00 DEBUG 24276 --- [jsite-admin] [           main] c.j.s.m.S.selectDictDataByType           : ==>  Preparing: select id, dict_sort, dict_label, dict_value, dict_type, css_class, list_class, is_default, status, create_by, create_time, remark from sys_dict_data where status = '0' and dict_type = ? order by dict_sort asc
2026-01-17T15:14:39.841+08:00 DEBUG 24276 --- [jsite-admin] [           main] c.j.s.m.S.selectDictDataByType           : ==> Parameters: sys_job_status(String)
2026-01-17T15:14:39.847+08:00 DEBUG 24276 --- [jsite-admin] [           main] c.j.s.m.S.selectDictDataByType           : <==      Total: 2
2026-01-17T15:14:39.849+08:00 DEBUG 24276 --- [jsite-admin] [           main] c.j.s.m.S.selectDictDataByType           : ==>  Preparing: select id, dict_sort, dict_label, dict_value, dict_type, css_class, list_class, is_default, status, create_by, create_time, remark from sys_dict_data where status = '0' and dict_type = ? order by dict_sort asc
2026-01-17T15:14:39.849+08:00 DEBUG 24276 --- [jsite-admin] [           main] c.j.s.m.S.selectDictDataByType           : ==> Parameters: sys_yes_no(String)
2026-01-17T15:14:39.850+08:00 DEBUG 24276 --- [jsite-admin] [           main] c.j.s.m.S.selectDictDataByType           : <==      Total: 2
2026-01-17T15:14:39.850+08:00 DEBUG 24276 --- [jsite-admin] [           main] c.j.s.m.S.selectDictDataByType           : ==>  Preparing: select id, dict_sort, dict_label, dict_value, dict_type, css_class, list_class, is_default, status, create_by, create_time, remark from sys_dict_data where status = '0' and dict_type = ? order by dict_sort asc
2026-01-17T15:14:39.850+08:00 DEBUG 24276 --- [jsite-admin] [           main] c.j.s.m.S.selectDictDataByType           : ==> Parameters: sys_notice_type(String)
2026-01-17T15:14:39.853+08:00 DEBUG 24276 --- [jsite-admin] [           main] c.j.s.m.S.selectDictDataByType           : <==      Total: 2
2026-01-17T15:14:39.855+08:00 DEBUG 24276 --- [jsite-admin] [           main] c.j.s.m.S.selectDictDataByType           : ==>  Preparing: select id, dict_sort, dict_label, dict_value, dict_type, css_class, list_class, is_default, status, create_by, create_time, remark from sys_dict_data where status = '0' and dict_type = ? order by dict_sort asc
2026-01-17T15:14:39.855+08:00 DEBUG 24276 --- [jsite-admin] [           main] c.j.s.m.S.selectDictDataByType           : ==> Parameters: sys_notice_status(String)
2026-01-17T15:14:39.856+08:00 DEBUG 24276 --- [jsite-admin] [           main] c.j.s.m.S.selectDictDataByType           : <==      Total: 2
2026-01-17T15:14:39.857+08:00 DEBUG 24276 --- [jsite-admin] [           main] c.j.s.m.S.selectDictDataByType           : ==>  Preparing: select id, dict_sort, dict_label, dict_value, dict_type, css_class, list_class, is_default, status, create_by, create_time, remark from sys_dict_data where status = '0' and dict_type = ? order by dict_sort asc
2026-01-17T15:14:39.857+08:00 DEBUG 24276 --- [jsite-admin] [           main] c.j.s.m.S.selectDictDataByType           : ==> Parameters: sys_oper_type(String)
2026-01-17T15:14:39.859+08:00 DEBUG 24276 --- [jsite-admin] [           main] c.j.s.m.S.selectDictDataByType           : <==      Total: 9
2026-01-17T15:14:39.862+08:00 DEBUG 24276 --- [jsite-admin] [           main] c.j.s.m.S.selectDictDataByType           : ==>  Preparing: select id, dict_sort, dict_label, dict_value, dict_type, css_class, list_class, is_default, status, create_by, create_time, remark from sys_dict_data where status = '0' and dict_type = ? order by dict_sort asc
2026-01-17T15:14:39.862+08:00 DEBUG 24276 --- [jsite-admin] [           main] c.j.s.m.S.selectDictDataByType           : ==> Parameters: sys_common_status(String)
2026-01-17T15:14:39.863+08:00 DEBUG 24276 --- [jsite-admin] [           main] c.j.s.m.S.selectDictDataByType           : <==      Total: 2
2026-01-17T15:14:40.769+08:00  INFO 24276 --- [jsite-admin] [           main] com.jsite.JsiteApplicationTests          : Started JsiteApplicationTests in 4.091 seconds (process running for 4.783)
]]></system-out>
    <system-err><![CDATA[WARNING: A Java agent has been loaded dynamically (C:\Users\Administrator\.m2\repository\net\bytebuddy\byte-buddy-agent\1.14.11\byte-buddy-agent-1.14.11.jar)
WARNING: If a serviceability tool is in use, please run with -XX:+EnableDynamicAgentLoading to hide this warning
WARNING: If a serviceability tool is not in use, please run with -Djdk.instrument.traceUsage for more information
WARNING: Dynamic loading of agents will be disallowed by default in a future release
]]></system-err>
  </testcase>
</testsuite>